<?xml version="1.0" encoding="UTF-8"?>
<testsuite xmlns:xsi="http://www.w3.org/2001/XMLSchema-instance" xsi:noNamespaceSchemaLocation="https://maven.apache.org/surefire/maven-surefire-plugin/xsd/surefire-test-report.xsd" name="uaslp.objetos.list.linkedlist.LinkedListTest" time="0.08" tests="10" errors="0" skipped="0" failures="0">
  <properties>
[...]
</properties>
  <testcase name="givenAnEmptyList_whenAddAtTail_thenElementIsInserted" classname="uaslp.objetos.list.linkedlist.LinkedListTest" time="0.038"/>
  <testcase name="givenAListWithIsDifferentNull_whenRemove_thenElementIsRemoved" classname="uaslp.objetos.list.linkedlist.LinkedListTest" time="0"/>
  <testcase name="givenAList_whenGetAtIndex" classname="uaslp.objetos.list.linkedlist.LinkedListTest" time="0"/>
  <testcase name="givenAList_whenAddAtTailNullValue_thenExceptionIsThrown" classname="uaslp.objetos.list.linkedlist.LinkedListTest" time="0.01"/>
  <testcase name="givenAList_whenAddAtFrontNullValue_thenExceptionIsThrown" classname="uaslp.objetos.list.linkedlist.LinkedListTest" time="0"/>
  <testcase name="givenANonEmptyList_whenAddAtTail_thenElementIsInserted" classname="uaslp.objetos.list.linkedlist.LinkedListTest" time="0.001"/>
  <testcase name="givenAnEmptyList_whenAddAtFront_thenElementIsInserted" classname="uaslp.objetos.list.linkedlist.LinkedListTest" time="0.001"/>
  <testcase name="givenAList_whenRemoveWrongIndex_thenExceptionIsThrown" classname="uaslp.objetos.list.linkedlist.LinkedListTest" time="0.003"/>
  <testcase name="whenListIsCreated_thenSizeIsZero" classname="uaslp.objetos.list.linkedlist.LinkedListTest" time="0.002"/>
  <testcase name="givenANonEmptyList_whenAddAtFront_thenElementIsInserted" classname="uaslp.objetos.list.linkedlist.LinkedListTest" time="0.002"/>
</testsuite>